Vanya_Kopach make Vanya_Kopach to leader fract 11 | 
Emilio_Arriano make Emilio_Arriano to leader fract 1 | 
Emilio_Arriano make Emilio_Arriano to leader fract 2 | 
Emilio_Arriano make Emilio_Arriano to leader fract 9 | 
Emilio_Arriano make Emilio_Arriano to leader fract 34 | 
Emilio_Arriano make Emilio_Arriano to leader fract 34 | 
Emilio_Arriano make Emilio_Arriano to leader fract 34 | 
Emilio_Arriano make Emilio_Arriano to leader fract 34 | 
Emilio_Arriano make Emilio_Arriano to leader fract 33 | 
Emilio_Arriano make Emilio_Arriano to leader fract 34 | 
Emilio_Arriano make Emilio_Arriano to leader fract 34 | 
Emilio_Arriano make Emilio_Arriano to leader fract 34 | 
Emilio_Arriano make Emilio_Arriano to leader fract 34 | 
Emilio_Arriano make Emilio_Arriano to leader fract 34 | 
Emilio_Arriano make Emilio_Arriano to leader fract 34 | 
Emilio_Arriano make Emilio_Arriano to leader fract 6 | 
Emilio_Arriano make Emilio_Arriano to leader fract 34 | 
Emilio_Arriano make Emilio_Arriano to leader fract 5 | 
Emilio_Arriano make Emilio_Arriano to leader fract 6 | 
Emilio_Arriano make Emilio_Arriano to leader fract 6 | 
Emilio_Arriano make Emilio_Arriano to leader fract 6 | 
Emilio_Arriano make Emilio_Arriano to leader fract 34 | 
Emilio_Arriano make Emilio_Arriano to leader fract 6 | 
Emilio_Arriano make Emilio_Arriano to leader fract 1 | 
Emilio_Arriano make Emilio_Arriano to leader fract 2 | 
Emilio_Arriano make Emilio_Arriano to leader fract 3 | 
Emilio_Arriano make Emilio_Arriano to leader fract 4 | 
Emilio_Arriano make Emilio_Arriano to leader fract 5 | 
Emilio_Arriano make Emilio_Arriano to leader fract 7 | 
Emilio_Arriano make Emilio_Arriano to leader fract 8 | 
Emilio_Arriano make Emilio_Arriano to leader fract 9 | 
Emilio_Arriano make Emilio_Arriano to leader fract 10 | 
Emilio_Arriano make Emilio_Arriano to leader fract 11 | 
Emilio_Arriano make Emilio_Arriano to leader fract 6 | 
Emilio_Arriano make Michail_Staroverov to leader fract 6 | 
Emilio_Arriano make Emilio_Arriano to leader fract 34 | 
Emilio_Arriano make Emilio_Arriano to leader fract 3 | 
Emilio_Arriano make Emilio_Arriano to leader fract 4 | 
Emilio_Arriano make Emilio_Arriano to leader fract 4 | 
Emilio_Arriano make Emilio_Arriano to leader fract 1 | 
Emilio_Arriano make Emilio_Arriano to leader fract 5 | 
Emilio_Arriano make Emilio_Arriano to leader fract 7 | 
Emilio_Arriano make Emilio_Arriano to leader fract 8 | 
Emilio_Arriano make Emilio_Arriano to leader fract 9 | 
Emilio_Arriano make Emilio_Arriano to leader fract 10 | 
Emilio_Arriano make Emilio_Arriano to leader fract 11 | 
Emilio_Arriano make Emilio_Arriano to leader fract 12 | 
Emilio_Arriano make Emilio_Arriano to leader fract 13 | 
Emilio_Arriano make Emilio_Arriano to leader fract 14 | 
Emilio_Arriano make Emilio_Arriano to leader fract 15 | 
Emilio_Arriano make Emilio_Arriano to leader fract 16 | 
Emilio_Arriano make Emilio_Arriano to leader fract 17 | 
Emilio_Arriano make Emilio_Arriano to leader fract 17 | 
Emilio_Arriano make Emilio_Arriano to leader fract 17 | 
Emilio_Arriano make Emilio_Arriano to leader fract 18 | 
Emilio_Arriano make Emilio_Arriano to leader fract 19 | 
Emilio_Arriano make Emilio_Arriano to leader fract 20 | 
Emilio_Arriano make Emilio_Arriano to leader fract 21 | 
Emilio_Arriano make Emilio_Arriano to leader fract 22 | 
Emilio_Arriano make Emilio_Arriano to leader fract 23 | 
Emilio_Arriano make Emilio_Arriano to leader fract 24 | 
Emilio_Arriano make Emilio_Arriano to leader fract 25 | 
Emilio_Arriano make Emilio_Arriano to leader fract 26 | 
Emilio_Arriano make Emilio_Arriano to leader fract 27 | 
Emilio_Arriano make Emilio_Arriano to leader fract 24 | 
Emilio_Arriano make Emilio_Arriano to leader fract 25 | 
Emilio_Arriano make Emilio_Arriano to leader fract 28 | 
Emilio_Arriano make Emilio_Arriano to leader fract 29 | 
Emilio_Arriano make Emilio_Arriano to leader fract 30 | 
Emilio_Arriano make Emilio_Arriano to leader fract 31 | 
Emilio_Arriano make Emilio_Arriano to leader fract 32 | 
Emilio_Arriano make Emilio_Arriano to leader fract 33 | 
Emilio_Arriano make Emilio_Arriano to leader fract 32 | 
Emilio_Arriano make Emilio_Arriano to leader fract 6 | 
Admin make Admin to leader fract 6 | 
Dimak giverank to Dimak, rank: 21 | 
Dimak giverank to Dimak, rank: 10 | 
Dimak giverank to Dimak, rank: 9 | 
Dimak giverank to Dimak, rank: 5 | 
Dimak giverank to Dimak, rank: 7 | 
Dimak giverank to Dimak, rank: 9 | 
Dimak giverank to Dimak, rank: 8 | 
Dimak giverank to Dimak, rank: 15 | 
Dimak giverank to Dimak, rank: 16 | 
Dimak giverank to Dimak, rank: 10 | 
Dimak giverank to Dimak, rank: 15 | 
Dimak giverank to Dimak, rank: 13 | 
Admin make Admin to leader fract 6 | 
Dimak selled bizz, bizz ID: 6 | 
Emilio_Arriano make Michail_Staroverov to leader fract 6 | 
Admin make Alexander_Shaikin to leader fract 6 | 
Dimak make Dimak to leader fract 6 | 
Admin make Admin to leader fract 6 | 
Admin make Admin to leader fract 6 | 
Emilio_Arriano make Emilio_Arriano to leader fract 6 | 
Emilio_Arriano make Emilio_Arriano to leader fract 6 | 
Emilio_Arriano make Emilio_Arriano to leader fract 6 | 
Admin make Admin to leader fract 6 | 
Admin make Larisa_Zueva to leader fract 6 | 
Admin make Tatyana_Lazareva to leader fract 6 | 
Emilio_Arriano make Emilio_Arriano to leader fract 6 | 
Admin make Vladimir_Zuev to leader fract 6 | 
Dimak make Dimak to leader fract 4 | 
Dimak make Dimak to leader fract 10 | 
Dimak make Dimak to leader fract 4 | 
Dimak make Dimak to leader fract 22 | 
Dimak giverank to Dimak, rank: 2 | 
Dimak giverank to Dimak, rank: 1 | 
Dimak giverank to Dimak, rank: 1 | 
Dimak giverank to Dimak, rank: 3 | 
Dimak giverank to Dimak, rank: 4 | 
Dimak giverank to Dimak, rank: 5 | 
Dimak giverank to Dimak, rank: 6 | 
Dimak giverank to Dimak, rank: 7 | 
Dimak giverank to Dimak, rank: 8 | 
Dimak giverank to Dimak, rank: 9 | 
Dimak giverank to Dimak, rank: 8 | 
Dimak giverank to Dimak, rank: 7 | 
Dimak giverank to Dimak, rank: 6 | 
Dimak giverank to Dimak, rank: 7 | 
Dimak giverank to Dimak, rank: 8 | 
Admin make Vladimir_Zuev to leader fract 6 | 
Admin make Vladimir_Larkin to leader fract 6 | 
Admin make Tatyana_Lazareva to leader fract 6 | 
Admin make Alena_Yankova to leader fract 6 | 
Admin make Olga_Tsurikova to leader fract 6 | 
Admin make Arkadiy_Zharikov to leader fract 6 | 
Admin make Larisa_Zueva to leader fract 6 | 
Admin make Larisa_Zueva to leader fract 6 | 
Admin make Olga_Tsurikova to leader fract 6 | 
Admin make Gennadiy_Truhanov to leader fract 6 | 
Admin make Alena_Yankova to leader fract 6 | 
Admin make Michail_Medvedik to leader fract 6 | 
Admin make Admin to leader fract 6 | 
