Admin handed = 6000 wirt's to Dmitriy_Staroverov received = 6000 wirt's

Alexander_Zhukov handed = 22000 wirt's to Admin received = 22000 wirt's

Alexander_Zhukov handed = 11000 wirt's to Admin received = 11000 wirt's

Vladimir_Zuev handed = 12500 wirt's to Admin received = 12500 wirt's

Alexander_Zhukov handed = 9500 wirt's to Admin received = 9500 wirt's

Vladimir_Zuev handed = 12500 wirt's to Admin received = 12500 wirt's

Vladimir_Zuev handed = 12500 wirt's to Admin received = 12500 wirt's

Alexander_Zhukov handed = 11000 wirt's to Admin received = 11000 wirt's

Vladimir_Zuev handed = 20000 wirt's to Admin received = 20000 wirt's

Admin handed = 4800 wirt's to Danil_Loginov received = 4800 wirt's

Admin handed = 10000 wirt's to Sergey_Kanarev received = 10000 wirt's

Admin handed = 22500 wirt's to Sergey_Kanarev received = 22500 wirt's

Admin handed = 22500 wirt's to Vladimir_Lezhnev received = 22500 wirt's

Admin handed = 7000 wirt's to Vladimir_Lezhnev received = 7000 wirt's

Admin handed = 5000 wirt's to Gennadiy_Truhanov received = 5000 wirt's

Admin handed = 5000 wirt's to Sergey_Saushkin received = 5000 wirt's

Admin handed = 3000 wirt's to Larisa_Zueva received = 3000 wirt's

Admin handed = 1500 wirt's to Darya_Linyaeva received = 1500 wirt's

Admin handed = 4700 wirt's to Dmitriy_Staroverov received = 4700 wirt's

Admin handed = 5600 wirt's to Dmitriy_Staroverov received = 5600 wirt's

Admin handed = 2200 wirt's to Marina_Smirnova received = 2200 wirt's

Admin handed = 5000 wirt's to Marina_Smirnova received = 5000 wirt's

Admin handed = 2500 wirt's to Vladimir_Larkin received = 2500 wirt's

Admin handed = 1200 wirt's to Vladimir_Larkin received = 1200 wirt's

Admin handed = 8600 wirt's to Alexander_Shaikin received = 8600 wirt's

Admin handed = 1500 wirt's to Alexander_Shaikin received = 1500 wirt's

Admin handed = 2500 wirt's to Admin received = 2500 wirt's

Admin handed = 13500 wirt's to Dmitriy_Staroverov received = 13500 wirt's

Admin handed = 16500 wirt's to Larisa_Zueva received = 16500 wirt's

Admin handed = 1500 wirt's to Dmitriy_Staroverov received = 1500 wirt's

Admin handed = 750 wirt's to Dmitriy_Staroverov received = 750 wirt's

Admin handed = 50 wirt's to Dmitriy_Staroverov received = 50 wirt's

Ilya_Staroverov handed = 6600 wirt's to Admin received = 6600 wirt's

Tatyana_Lazareva handed = 9000 wirt's to Admin received = 9000 wirt's

Admin handed = 19000 wirt's to Tatyana_Lazareva received = 19000 wirt's

Admin handed = 400 wirt's to Ilya_Staroverov received = 400 wirt's

Tatyana_Lazareva handed = 14000 wirt's to Admin received = 14000 wirt's

Admin handed = 9000 wirt's to Tatyana_Lazareva received = 9000 wirt's

Admin handed = 2100 wirt's to Ilya_Staroverov received = 2100 wirt's

Admin handed = 7000 wirt's to Tatyana_Lazareva received = 7000 wirt's

Alexander_Shaikin handed = 12600 wirt's to Admin received = 12600 wirt's

Galina_Zueva handed = 5700 wirt's to Admin received = 5700 wirt's

Admin handed = 6000 wirt's to Galina_Zueva received = 6000 wirt's

Admin handed = 5600 wirt's to Alexander_Shaikin received = 5600 wirt's

Admin handed = 8600 wirt's to Vladimir_Larkin received = 8600 wirt's

Admin handed = 4500 wirt's to Maxim_Jakunin received = 4500 wirt's

Admin handed = 8600 wirt's to Vladimir_Lezhnev received = 8600 wirt's

Admin handed = 3000 wirt's to Larisa_Zueva received = 3000 wirt's

Admin handed = 5600 wirt's to Lusi_Staroverova received = 5600 wirt's

Admin handed = 16000 wirt's to Vladimir_Larkin received = 16000 wirt's

Darya_Linyaeva handed = 3000 wirt's to Lusi_Staroverova received = 3000 wirt's

Admin handed = 50000 wirt's to Vladimir_Zuev received = 50000 wirt's

Admin handed = 900 wirt's to Sergey_Saushkin received = 900 wirt's

Admin handed = 110 wirt's to Tatyana_Lazareva received = 110 wirt's

Admin handed = 1100 wirt's to Tatyana_Lazareva received = 1100 wirt's

Admin handed = 650 wirt's to Alexander_Zhukov received = 650 wirt's

Admin handed = 15000 wirt's to Vladimir_Larkin received = 15000 wirt's

Admin handed = 1500 wirt's to Danil_Loginov received = 1500 wirt's

Admin handed = 3000 wirt's to Galina_Zueva received = 3000 wirt's

Admin handed = 900 wirt's to Galina_Zueva received = 900 wirt's

Admin handed = 900 wirt's to Lusi_Staroverova received = 900 wirt's

Admin handed = 8500 wirt's to Sergey_Saushkin received = 8500 wirt's

Admin handed = 2500 wirt's to Vladimir_Zuev received = 2500 wirt's

Admin handed = 8600 wirt's to Sergey_Saushkin received = 8600 wirt's

Admin handed = 1100 wirt's to Vladimir_Zuev received = 1100 wirt's

Admin handed = 8600 wirt's to Danil_Loginov received = 8600 wirt's

Admin handed = 3000 wirt's to Tatyana_Lazareva received = 3000 wirt's

Vladimir_Zuev handed = 50000 wirt's to Vladimir_Larkin received = 50000 wirt's

Vladimir_Larkin handed = 100000 wirt's to Admin received = 100000 wirt's

Vladimir_Larkin handed = 100000 wirt's to Admin received = 100000 wirt's

Vladimir_Larkin handed = 100000 wirt's to Admin received = 100000 wirt's

Vladimir_Larkin handed = 100000 wirt's to Admin received = 100000 wirt's

Vladimir_Larkin handed = 100000 wirt's to Admin received = 100000 wirt's

Tatyana_Lazareva transfered = 400000 wirt's and Admin handed = 400000 wirt's | 
Alena_Yankova handed = 100000 wirt's to Admin received = 100000 wirt's

Alena_Yankova handed = 100000 wirt's to Admin received = 100000 wirt's

Alena_Yankova handed = 100000 wirt's to Admin received = 100000 wirt's

Alena_Yankova handed = 100000 wirt's to Admin received = 100000 wirt's

Alena_Yankova handed = 100000 wirt's to Admin received = 100000 wirt's

Alena_Yankova handed = 100000 wirt's to Admin received = 100000 wirt's

Alena_Yankova handed = 100000 wirt's to Admin received = 100000 wirt's

Alena_Yankova handed = 100000 wirt's to Admin received = 100000 wirt's

Alena_Yankova handed = 100000 wirt's to Admin received = 100000 wirt's

Alena_Yankova handed = 44000 wirt's to Admin received = 44000 wirt's

Michail_Medvedik handed = 8300 wirt's to Galina_Zueva received = 8300 wirt's

Michail_Medvedik handed = 3000 wirt's to Galina_Zueva received = 3000 wirt's

Tatyana_Lazareva handed = 10000 wirt's to Dmitriy_Staroverov received = 10000 wirt's

Emilio_Arriano handed = 20000 wirt's to Arkadiy_Zharikov received = 20000 wirt's

Emilio_Arriano handed = 20000 wirt's to Arkadiy_Zharikov received = 20000 wirt's

Emilio_Arriano handed = 10000 wirt's to Arkadiy_Zharikov received = 10000 wirt's

Emilio_Arriano handed = 10000 wirt's to Arkadiy_Zharikov received = 10000 wirt's

Emilio_Arriano handed = 10000 wirt's to Arkadiy_Zharikov received = 10000 wirt's

Emilio_Arriano handed = 20000 wirt's to Arkadiy_Zharikov received = 20000 wirt's

Emilio_Arriano handed = 20000 wirt's to Arkadiy_Zharikov received = 20000 wirt's

Emilio_Arriano handed = 20000 wirt's to Arkadiy_Zharikov received = 20000 wirt's

Arkadiy_Zharikov handed = 100000 wirt's to Admin received = 100000 wirt's

Arkadiy_Zharikov handed = 100000 wirt's to Admin received = 100000 wirt's

Arkadiy_Zharikov handed = 100000 wirt's to Admin received = 100000 wirt's

Arkadiy_Zharikov handed = 100000 wirt's to Admin received = 100000 wirt's

Arkadiy_Zharikov handed = 100000 wirt's to Admin received = 100000 wirt's

Arkadiy_Zharikov handed = 100000 wirt's to Admin received = 100000 wirt's

Arkadiy_Zharikov handed = 100000 wirt's to Admin received = 100000 wirt's

Arkadiy_Zharikov handed = 100000 wirt's to Admin received = 100000 wirt's

Arkadiy_Zharikov handed = 100000 wirt's to Admin received = 100000 wirt's

Arkadiy_Zharikov handed = 50124 wirt's to Admin received = 50124 wirt's

Admin handed = 2000 wirt's to Larisa_Zueva received = 2000 wirt's

Gennadiy_Truhanov handed = 50000 wirt's to Larisa_Zueva received = 50000 wirt's

Alena_Yankova handed = 12000 wirt's to Michail_Medvedik received = 12000 wirt's

Alena_Yankova handed = 50000 wirt's to Michail_Medvedik received = 50000 wirt's

Vladimir_Larkin handed = 12000 wirt's to Michail_Medvedik received = 12000 wirt's

Vladimir_Larkin handed = 100000 wirt's to Michail_Medvedik received = 100000 wirt's

Vladimir_Larkin handed = 30000 wirt's to Michail_Medvedik received = 30000 wirt's

Vladimir_Larkin handed = 130 wirt's to Michail_Medvedik received = 130 wirt's

Arkadiy_Zharikov handed = 12000 wirt's to Sergey_Kanarev received = 12000 wirt's

Tatyana_Lazareva handed = 12000 wirt's to Michail_Medvedik received = 12000 wirt's

Admin handed = 100000 wirt's to Arkadiy_Zharikov received = 100000 wirt's

Admin handed = 100000 wirt's to Arkadiy_Zharikov received = 100000 wirt's

Admin handed = 100000 wirt's to Arkadiy_Zharikov received = 100000 wirt's

Admin handed = 100000 wirt's to Arkadiy_Zharikov received = 100000 wirt's

Admin handed = 100000 wirt's to Arkadiy_Zharikov received = 100000 wirt's

Admin handed = 5600 wirt's to Stanislav_Tihov received = 5600 wirt's

Admin handed = 1100 wirt's to Stanislav_Tihov received = 1100 wirt's

Stanislav_Tihov handed = 560 wirt's to Alexander_Zhukov received = 560 wirt's

Admin handed = 5600 wirt's to Stanislav_Tihov received = 5600 wirt's

Admin handed = 8600 wirt's to Michail_Medvedik received = 8600 wirt's

Dmitriy_Staroverov handed = 1000 wirt's to Admin received = 1000 wirt's

Gennadiy_Truhanov handed = 1000 wirt's to Admin received = 1000 wirt's

Maxim_Loginov handed = 1000 wirt's to Admin received = 1000 wirt's

Olga_Tsurikova handed = 1000 wirt's to Admin received = 1000 wirt's

Lusi_Staroverova handed = 1000 wirt's to Admin received = 1000 wirt's

Stanislav_Tihov handed = 1000 wirt's to Admin received = 1000 wirt's

Vladimir_Skorkin handed = 1000 wirt's to Admin received = 1000 wirt's

Sergey_Kanarev handed = 1000 wirt's to Admin received = 1000 wirt's

Ilya_Staroverov handed = 1000 wirt's to Admin received = 1000 wirt's

Michail_Medvedik handed = 1000 wirt's to Admin received = 1000 wirt's

Alexander_Shaikin handed = 1000 wirt's to Admin received = 1000 wirt's

Arkadiy_Zharikov handed = 10000 wirt's to Alexander_Zhukov received = 10000 wirt's

Maxim_Jakunin handed = 10000 wirt's to Alexander_Zhukov received = 10000 wirt's

Vladimir_Larkin handed = 10000 wirt's to Alexander_Zhukov received = 10000 wirt's

Gennadiy_Truhanov handed = 14000 wirt's to Maria_Kurbatova received = 14000 wirt's

Dmitriy_Staroverov handed = 14000 wirt's to Alexander_Zhukov received = 14000 wirt's

Alexander_Shaikin handed = 14000 wirt's to Alena_Yankova received = 14000 wirt's

Dmitriy_Staroverov handed = 10000 wirt's to Alexander_Zhukov received = 10000 wirt's

Gennadiy_Truhanov handed = 10000 wirt's to Alexander_Zhukov received = 10000 wirt's

Maxim_Loginov handed = 10000 wirt's to Alexander_Zhukov received = 10000 wirt's

Olga_Tsurikova handed = 10000 wirt's to Alexander_Zhukov received = 10000 wirt's

Lusi_Staroverova handed = 10000 wirt's to Alexander_Zhukov received = 10000 wirt's

Stanislav_Tihov handed = 10000 wirt's to Alexander_Zhukov received = 10000 wirt's

Vladimir_Skorkin handed = 10000 wirt's to Alexander_Zhukov received = 10000 wirt's

Ilya_Staroverov handed = 10000 wirt's to Alexander_Zhukov received = 10000 wirt's

Sergey_Kanarev handed = 10000 wirt's to Alexander_Zhukov received = 10000 wirt's

Michail_Medvedik handed = 10000 wirt's to Alexander_Zhukov received = 10000 wirt's

Alexander_Shaikin handed = 10000 wirt's to Alexander_Zhukov received = 10000 wirt's

Arkadiy_Zharikov handed = 50000 wirt's to Alexander_Zhukov received = 50000 wirt's

Olga_Tsurikova handed = 120000 wirt's to Alexander_Zhukov received = 120000 wirt's

Dmitriy_Staroverov handed = 110000 wirt's to Alexander_Zhukov received = 110000 wirt's

Dmitriy_Staroverov handed = 10000 wirt's to Alexander_Zhukov received = 10000 wirt's

Alexander_Zhukov handed = 400000 wirt's to Stanislav_Tihov received = 400000 wirt's

Stanislav_Tihov handed = 125000 wirt's to Maria_Kurbatova received = 125000 wirt's

Alexander_Shaikin handed = 110000 wirt's to Alena_Yankova received = 110000 wirt's

Stanislav_Tihov handed = 12000 wirt's to Alena_Yankova received = 12000 wirt's

Stanislav_Tihov handed = 12000 wirt's to Galina_Zueva received = 12000 wirt's

Alexander_Shaikin handed = 290000 wirt's to Alexander_Zhukov received = 290000 wirt's

Dmitriy_Staroverov handed = 12000 wirt's to Larisa_Zueva received = 12000 wirt's

Lusi_Staroverova handed = 120000 wirt's to Maxim_Jakunin received = 120000 wirt's

Ilya_Staroverov handed = 12000 wirt's to Vladimir_Larkin received = 12000 wirt's

